[0530/210659.112:ERROR:process_memory_win.cc(73)] ReadMemory at 0x7ff61d4d0000 of 64 bytes failed: Somente uma parte de um pedido ReadProcessMemory ou WriteProcessMemory foi concluída. (0x12B)
[0530/210659.248:WARNING:pe_image_reader.cc(340)] could not read dos header from C:\Program Files (x86)\Google\Chrome\Application\chrome.exe
[0530/210659.248:ERROR:process_memory_win.cc(73)] ReadMemory at 0x7ffaa79d0000 of 64 bytes failed: Somente uma parte de um pedido ReadProcessMemory ou WriteProcessMemory foi concluída. (0x12B)
[0530/210659.248:WARNING:pe_image_reader.cc(340)] could not read dos header from C:\WINDOWS\SYSTEM32\ntdll.dll
[0530/210659.248:ERROR:process_memory_win.cc(73)] ReadMemory at 0x7ffaa6dd0000 of 64 bytes failed: Somente uma parte de um pedido ReadProcessMemory ou WriteProcessMemory foi concluída. (0x12B)
[0530/210659.372:WARNING:pe_image_reader.cc(340)] could not read dos header from C:\WINDOWS\System32\KERNEL32.DLL
[0530/210659.372:ERROR:process_memory_win.cc(73)] ReadMemory at 0x7ffaa4b90000 of 64 bytes failed: Somente uma parte de um pedido ReadProcessMemory ou WriteProcessMemory foi concluída. (0x12B)
[0530/210659.372:WARNING:pe_image_reader.cc(340)] could not read dos header from C:\WINDOWS\System32\KERNELBASE.dll
[0530/210659.372:ERROR:process_memory_win.cc(73)] ReadMemory at 0x7ffaa2070000 of 64 bytes failed: Somente uma parte de um pedido ReadProcessMemory ou WriteProcessMemory foi concluída. (0x12B)
[0530/210659.372:WARNING:pe_image_reader.cc(340)] could not read dos header from C:\WINDOWS\SYSTEM32\apphelp.dll
[0530/210659.372:ERROR:process_memory_win.cc(73)] ReadMemory at 0x7ffaa5420000 of 64 bytes failed: Somente uma parte de um pedido ReadProcessMemory ou WriteProcessMemory foi concluída. (0x12B)
[0530/210659.372:WARNING:pe_image_reader.cc(340)] could not read dos header from C:\WINDOWS\System32\SHELL32.dll
[0530/210659.372:ERROR:process_memory_win.cc(73)] ReadMemory at 0x7ffaa77a0000 of 64 bytes failed: Somente uma parte de um pedido ReadProcessMemory ou WriteProcessMemory foi concluída. (0x12B)
[0530/210659.372:WARNING:pe_image_reader.cc(340)] could not read dos header from C:\WINDOWS\System32\msvcrt.dll
[0530/210659.372:ERROR:process_memory_win.cc(73)] ReadMemory at 0x7ffaa4e10000 of 64 bytes failed: Somente uma parte de um pedido ReadProcessMemory ou WriteProcessMemory foi concluída. (0x12B)
[0530/210659.372:WARNING:pe_image_reader.cc(340)] could not read dos header from C:\WINDOWS\System32\cfgmgr32.dll
[0530/210659.372:ERROR:process_memory_win.cc(73)] ReadMemory at 0x7ffaa4a90000 of 64 bytes failed: Somente uma parte de um pedido ReadProcessMemory ou WriteProcessMemory foi concluída. (0x12B)
[0530/210659.372:WARNING:pe_image_reader.cc(340)] could not read dos header from C:\WINDOWS\System32\ucrtbase.dll
[0530/210659.372:ERROR:process_memory_win.cc(73)] ReadMemory at 0x7ffaa4f10000 of 64 bytes failed: Somente uma parte de um pedido ReadProcessMemory ou WriteProcessMemory foi concluída. (0x12B)
[0530/210659.372:WARNING:pe_image_reader.cc(340)] could not read dos header from C:\WINDOWS\System32\shcore.dll
[0530/210659.372:ERROR:process_memory_win.cc(73)] ReadMemory at 0x7ffaa7840000 of 64 bytes failed: Somente uma parte de um pedido ReadProcessMemory ou WriteProcessMemory foi concluída. (0x12B)
[0530/210659.372:WARNING:pe_image_reader.cc(340)] could not read dos header from C:\WINDOWS\System32\RPCRT4.dll
[0530/210659.372:ERROR:process_memory_win.cc(73)] ReadMemory at 0x7ffaa6aa0000 of 64 bytes failed: Somente uma parte de um pedido ReadProcessMemory ou WriteProcessMemory foi concluída. (0x12B)
[0530/210659.372:WARNING:pe_image_reader.cc(340)] could not read dos header from C:\WINDOWS\System32\combase.dll
[0530/210659.372:ERROR:process_memory_win.cc(73)] ReadMemory at 0x7ffaa3e20000 of 64 bytes failed: Somente uma parte de um pedido ReadProcessMemory ou WriteProcessMemory foi concluída. (0x12B)
[0530/210659.372:WARNING:pe_image_reader.cc(340)] could not read dos header from C:\WINDOWS\System32\bcryptPrimitives.dll
[0530/210659.372:ERROR:process_memory_win.cc(73)] ReadMemory at 0x7ffaa42e0000 of 64 bytes failed: Somente uma parte de um pedido ReadProcessMemory ou WriteProcessMemory foi concluída. (0x12B)
[0530/210659.372:WARNING:pe_image_reader.cc(340)] could not read dos header from C:\WINDOWS\System32\windows.storage.dll
[0530/210659.372:ERROR:process_memory_win.cc(73)] ReadMemory at 0x7ffaa4e60000 of 64 bytes failed: Somente uma parte de um pedido ReadProcessMemory ou WriteProcessMemory foi concluída. (0x12B)
[0530/210659.372:WARNING:pe_image_reader.cc(340)] could not read dos header from C:\WINDOWS\System32\advapi32.dll
[0530/210659.372:ERROR:process_memory_win.cc(73)] ReadMemory at 0x7ffaa6ea0000 of 64 bytes failed: Somente uma parte de um pedido ReadProcessMemory ou WriteProcessMemory foi concluída. (0x12B)
[0530/210659.372:WARNING:pe_image_reader.cc(340)] could not read dos header from C:\WINDOWS\System32\sechost.dll
[0530/210659.372:ERROR:process_memory_win.cc(73)] ReadMemory at 0x7ffaa74f0000 of 64 bytes failed: Somente uma parte de um pedido ReadProcessMemory ou WriteProcessMemory foi concluída. (0x12B)
[0530/210659.372:WARNING:pe_image_reader.cc(340)] could not read dos header from C:\WINDOWS\System32\shlwapi.dll
[0530/210659.372:ERROR:process_memory_win.cc(73)] ReadMemory at 0x7ffaa7970000 of 64 bytes failed: Somente uma parte de um pedido ReadProcessMemory ou WriteProcessMemory foi concluída. (0x12B)
[0530/210659.372:WARNING:pe_image_reader.cc(340)] could not read dos header from C:\WINDOWS\System32\GDI32.dll
[0530/210659.376:ERROR:process_memory_win.cc(73)] ReadMemory at 0x7ffaa4140000 of 64 bytes failed: Somente uma parte de um pedido ReadProcessMemory ou WriteProcessMemory foi concluída. (0x12B)
[0530/210659.376:WARNING:pe_image_reader.cc(340)] could not read dos header from C:\WINDOWS\System32\gdi32full.dll
[0530/210659.376:ERROR:process_memory_win.cc(73)] ReadMemory at 0x7ffaa49f0000 of 64 bytes failed: Somente uma parte de um pedido ReadProcessMemory ou WriteProcessMemory foi concluída. (0x12B)
[0530/210659.376:WARNING:pe_image_reader.cc(340)] could not read dos header from C:\WINDOWS\System32\msvcp_win.dll
[0530/210659.376:ERROR:process_memory_win.cc(73)] ReadMemory at 0x7ffaa6f00000 of 64 bytes failed: Somente uma parte de um pedido ReadProcessMemory ou WriteProcessMemory foi concluída. (0x12B)
[0530/210659.376:WARNING:pe_image_reader.cc(340)] could not read dos header from C:\WINDOWS\System32\USER32.dll
[0530/210659.376:ERROR:process_memory_win.cc(73)] ReadMemory at 0x7ffaa3da0000 of 64 bytes failed: Somente uma parte de um pedido ReadProcessMemory ou WriteProcessMemory foi concluída. (0x12B)
[0530/210659.376:WARNING:pe_image_reader.cc(340)] could not read dos header from C:\WINDOWS\System32\win32u.dll
[0530/210659.376:ERROR:process_memory_win.cc(73)] ReadMemory at 0x7ffaa3d10000 of 64 bytes failed: Somente uma parte de um pedido ReadProcessMemory ou WriteProcessMemory foi concluída. (0x12B)
[0530/210659.376:WARNING:pe_image_reader.cc(340)] could not read dos header from C:\WINDOWS\System32\kernel.appcore.dll
[0530/210659.376:ERROR:process_memory_win.cc(73)] ReadMemory at 0x7ffaa3d80000 of 64 bytes failed: Somente uma parte de um pedido ReadProcessMemory ou WriteProcessMemory foi concluída. (0x12B)
[0530/210659.376:WARNING:pe_image_reader.cc(340)] could not read dos header from C:\WINDOWS\System32\profapi.dll
[0530/210659.376:ERROR:process_memory_win.cc(73)] ReadMemory at 0x7ffaa3d30000 of 64 bytes failed: Somente uma parte de um pedido ReadProcessMemory ou WriteProcessMemory foi concluída. (0x12B)
[0530/210659.376:WARNING:pe_image_reader.cc(340)] could not read dos header from C:\WINDOWS\System32\powrprof.dll
[0530/210659.376:ERROR:process_memory_win.cc(73)] ReadMemory at 0x7ffaa3ce0000 of 64 bytes failed: Somente uma parte de um pedido ReadProcessMemory ou WriteProcessMemory foi concluída. (0x12B)
[0530/210659.376:WARNING:pe_image_reader.cc(340)] could not read dos header from C:\WINDOWS\System32\FLTLIB.DLL
[0530/210659.376:ERROR:process_memory_win.cc(73)] ReadMemory at 0x7ffa93f30000 of 64 bytes failed: Somente uma parte de um pedido ReadProcessMemory ou WriteProcessMemory foi concluída. (0x12B)
[0530/210659.376:WARNING:pe_image_reader.cc(340)] could not read dos header from C:\Program Files (x86)\Google\Chrome\Application\74.0.3729.169\chrome_elf.dll
[0530/210659.376:ERROR:process_memory_win.cc(73)] ReadMemory at 0x7ffa989e0000 of 64 bytes failed: Somente uma parte de um pedido ReadProcessMemory ou WriteProcessMemory foi concluída. (0x12B)
[0530/210659.376:WARNING:pe_image_reader.cc(340)] could not read dos header from C:\WINDOWS\SYSTEM32\VERSION.dll
[0530/210659.376:ERROR:process_memory_win.cc(73)] ReadMemory at 0x7ffaa1d80000 of 64 bytes failed: Somente uma parte de um pedido ReadProcessMemory ou WriteProcessMemory foi concluída. (0x12B)
[0530/210659.376:WARNING:pe_image_reader.cc(340)] could not read dos header from C:\WINDOWS\SYSTEM32\WINMM.dll
[0530/210659.376:ERROR:process_memory_win.cc(73)] ReadMemory at 0x7ffaa3be0000 of 64 bytes failed: Somente uma parte de um pedido ReadProcessMemory ou WriteProcessMemory foi concluída. (0x12B)
[0530/210659.376:WARNING:pe_image_reader.cc(340)] could not read dos header from C:\WINDOWS\SYSTEM32\USERENV.dll
[0530/210659.376:ERROR:process_memory_win.cc(73)] ReadMemory at 0x7ffaa1d50000 of 64 bytes failed: Somente uma parte de um pedido ReadProcessMemory ou WriteProcessMemory foi concluída. (0x12B)
[0530/210659.376:WARNING:pe_image_reader.cc(340)] could not read dos header from C:\WINDOWS\SYSTEM32\WINMMBASE.dll
[0530/210659.376:ERROR:process_memory_win.cc(73)] ReadMemory at 0x7ffaa3730000 of 64 bytes failed: Somente uma parte de um pedido ReadProcessMemory ou WriteProcessMemory foi concluída. (0x12B)
[0530/210659.376:WARNING:pe_image_reader.cc(340)] could not read dos header from C:\WINDOWS\SYSTEM32\CRYPTBASE.DLL
[0530/210659.376:ERROR:process_memory_win.cc(73)] ReadMemory at 0x7ffaa6870000 of 64 bytes failed: Somente uma parte de um pedido ReadProcessMemory ou WriteProcessMemory foi concluída. (0x12B)
[0530/210659.376:WARNING:pe_image_reader.cc(340)] could not read dos header from C:\WINDOWS\System32\IMM32.DLL
[0530/210659.376:ERROR:process_memory_win.cc(73)] ReadMemory at 0x7ffa67330000 of 64 bytes failed: Somente uma parte de um pedido ReadProcessMemory ou WriteProcessMemory foi concluída. (0x12B)
[0530/210659.376:WARNING:pe_image_reader.cc(340)] could not read dos header from C:\Program Files (x86)\Google\Chrome\Application\74.0.3729.169\chrome_child.dll
[0530/210659.376:ERROR:process_memory_win.cc(73)] ReadMemory at 0x7ffaa68c0000 of 64 bytes failed: Somente uma parte de um pedido ReadProcessMemory ou WriteProcessMemory foi concluída. (0x12B)
[0530/210659.376:WARNING:pe_image_reader.cc(340)] could not read dos header from C:\WINDOWS\System32\WS2_32.dll
[0530/210659.376:ERROR:process_memory_win.cc(73)] ReadMemory at 0x7ffaa7640000 of 64 bytes failed: Somente uma parte de um pedido ReadProcessMemory ou WriteProcessMemory foi concluída. (0x12B)
[0530/210659.376:WARNING:pe_image_reader.cc(340)] could not read dos header from C:\WINDOWS\System32\ole32.dll
[0530/210659.376:ERROR:process_memory_win.cc(73)] ReadMemory at 0x7ffaa69d0000 of 64 bytes failed: Somente uma parte de um pedido ReadProcessMemory ou WriteProcessMemory foi concluída. (0x12B)
[0530/210659.376:WARNING:pe_image_reader.cc(340)] could not read dos header from C:\WINDOWS\System32\OLEAUT32.dll
[0530/210659.376:ERROR:process_memory_win.cc(73)] ReadMemory at 0x7ffaa3dc0000 of 64 bytes failed: Somente uma parte de um pedido ReadProcessMemory ou WriteProcessMemory foi concluída. (0x12B)
[0530/210659.376:WARNING:pe_image_reader.cc(340)] could not read dos header from C:\WINDOWS\System32\WINTRUST.dll
[0530/210659.376:ERROR:process_memory_win.cc(73)] ReadMemory at 0x7ffaa3cf0000 of 64 bytes failed: Somente uma parte de um pedido ReadProcessMemory ou WriteProcessMemory foi concluída. (0x12B)
[0530/210659.376:WARNING:pe_image_reader.cc(340)] could not read dos header from C:\WINDOWS\System32\MSASN1.dll
[0530/210659.376:ERROR:process_memory_win.cc(73)] ReadMemory at 0x7ffaa3f50000 of 64 bytes failed: Somente uma parte de um pedido ReadProcessMemory ou WriteProcessMemory foi concluída. (0x12B)
[0530/210659.376:WARNING:pe_image_reader.cc(340)] could not read dos header from C:\WINDOWS\System32\CRYPT32.dll
[0530/210659.380:ERROR:process_memory_win.cc(73)] ReadMemory at 0x7ffaa7550000 of 64 bytes failed: Somente uma parte de um pedido ReadProcessMemory ou WriteProcessMemory foi concluída. (0x12B)
[0530/210659.380:WARNING:pe_image_reader.cc(340)] could not read dos header from C:\WINDOWS\System32\COMDLG32.dll
[0530/210659.380:ERROR:process_memory_win.cc(73)] ReadMemory at 0x7ffaa32e0000 of 64 bytes failed: Somente uma parte de um pedido ReadProcessMemory ou WriteProcessMemory foi concluída. (0x12B)
[0530/210659.380:WARNING:pe_image_reader.cc(340)] could not read dos header from C:\WINDOWS\SYSTEM32\IPHLPAPI.DLL
[0530/210659.380:ERROR:process_memory_win.cc(73)] ReadMemory at 0x7ffa9cdf0000 of 64 bytes failed: Somente uma parte de um pedido ReadProcessMemory ou WriteProcessMemory foi concluída. (0x12B)
[0530/210659.380:WARNING:pe_image_reader.cc(340)] could not read dos header from C:\WINDOWS\SYSTEM32\OLEACC.dll
[0530/210659.380:ERROR:process_memory_win.cc(73)] ReadMemory at 0x7ffa8e5d0000 of 64 bytes failed: Somente uma parte de um pedido ReadProcessMemory ou WriteProcessMemory foi concluída. (0x12B)
[0530/210659.380:WARNING:pe_image_reader.cc(340)] could not read dos header from C:\WINDOWS\SYSTEM32\UIAutomationCore.DLL
[0530/210659.380:ERROR:process_memory_win.cc(73)] ReadMemory at 0x7ffaa09e0000 of 64 bytes failed: Somente uma parte de um pedido ReadProcessMemory ou WriteProcessMemory foi concluída. (0x12B)
[0530/210659.380:WARNING:pe_image_reader.cc(340)] could not read dos header from C:\WINDOWS\SYSTEM32\WTSAPI32.dll
[0530/210659.380:ERROR:process_memory_win.cc(73)] ReadMemory at 0x7ffa97ce0000 of 64 bytes failed: Somente uma parte de um pedido ReadProcessMemory ou WriteProcessMemory foi concluída. (0x12B)
[0530/210659.380:WARNING:pe_image_reader.cc(340)] could not read dos header from C:\WINDOWS\SYSTEM32\DWrite.dll
[0530/210659.380:ERROR:process_memory_win.cc(73)] ReadMemory at 0x7ffaa2aa0000 of 64 bytes failed: Somente uma parte de um pedido ReadProcessMemory ou WriteProcessMemory foi concluída. (0x12B)
[0530/210659.380:WARNING:pe_image_reader.cc(340)] could not read dos header from C:\WINDOWS\SYSTEM32\dxgi.dll
[0530/210659.380:ERROR:process_memory_win.cc(73)] ReadMemory at 0x7ffa8bc70000 of 64 bytes failed: Somente uma parte de um pedido ReadProcessMemory ou WriteProcessMemory foi concluída. (0x12B)
[0530/210659.380:WARNING:pe_image_reader.cc(340)] could not read dos header from C:\WINDOWS\SYSTEM32\WINSPOOL.DRV
[0530/210659.380:ERROR:process_memory_win.cc(73)] ReadMemory at 0x7ffa95ee0000 of 64 bytes failed: Somente uma parte de um pedido ReadProcessMemory ou WriteProcessMemory foi concluída. (0x12B)
[0530/210659.380:WARNING:pe_image_reader.cc(340)] could not read dos header from C:\WINDOWS\SYSTEM32\dbghelp.dll
[0530/210659.380:ERROR:process_memory_win.cc(73)] ReadMemory at 0x7ffa921b0000 of 64 bytes failed: Somente uma parte de um pedido ReadProcessMemory ou WriteProcessMemory foi concluída. (0x12B)
[0530/210659.380:WARNING:pe_image_reader.cc(340)] could not read dos header from C:\WINDOWS\WinSxS\amd64_microsoft.windows.common-controls_6595b64144ccf1df_6.0.17134.765_none_fb42a1a930655896\COMCTL32.dll
[0530/210659.380:ERROR:process_memory_win.cc(73)] ReadMemory at 0x7ffa94b30000 of 64 bytes failed: Somente uma parte de um pedido ReadProcessMemory ou WriteProcessMemory foi concluída. (0x12B)
[0530/210659.380:WARNING:pe_image_reader.cc(340)] could not read dos header from C:\WINDOWS\SYSTEM32\USP10.dll
[0530/210659.380:ERROR:process_memory_win.cc(73)] ReadMemory at 0x7ffa9c480000 of 64 bytes failed: Somente uma parte de um pedido ReadProcessMemory ou WriteProcessMemory foi concluída. (0x12B)
[0530/210659.380:WARNING:pe_image_reader.cc(340)] could not read dos header from C:\WINDOWS\SYSTEM32\WINHTTP.dll
[0530/210659.380:ERROR:process_memory_win.cc(73)] ReadMemory at 0x7ffa9a8d0000 of 64 bytes failed: Somente uma parte de um pedido ReadProcessMemory ou WriteProcessMemory foi concluída. (0x12B)
[0530/210659.380:WARNING:pe_image_reader.cc(340)] could not read dos header from C:\WINDOWS\SYSTEM32\urlmon.dll
[0530/210659.380:ERROR:process_memory_win.cc(73)] ReadMemory at 0x7ffa8fca0000 of 64 bytes failed: Somente uma parte de um pedido ReadProcessMemory ou WriteProcessMemory foi concluída. (0x12B)
[0530/210659.380:WARNING:pe_image_reader.cc(340)] could not read dos header from C:\WINDOWS\SYSTEM32\Secur32.dll
[0530/210659.380:ERROR:process_memory_win.cc(73)] ReadMemory at 0x7ffa9cb80000 of 64 bytes failed: Somente uma parte de um pedido ReadProcessMemory ou WriteProcessMemory foi concluída. (0x12B)
[0530/210659.380:WARNING:pe_image_reader.cc(340)] could not read dos header from C:\WINDOWS\SYSTEM32\dhcpcsvc.DLL
[0530/210659.380:ERROR:process_memory_win.cc(73)] ReadMemory at 0x1a680170000 of 64 bytes failed: Somente uma parte de um pedido ReadProcessMemory ou WriteProcessMemory foi concluída. (0x12B)
[0530/210659.380:WARNING:pe_image_reader.cc(340)] could not read dos header from C:\WINDOWS\System32\NSI.dll
[0530/210659.380:ERROR:process_memory_win.cc(73)] ReadMemory at 0x7ffaa07c0000 of 64 bytes failed: Somente uma parte de um pedido ReadProcessMemory ou WriteProcessMemory foi concluída. (0x12B)
[0530/210659.380:WARNING:pe_image_reader.cc(340)] could not read dos header from C:\WINDOWS\SYSTEM32\PROPSYS.dll
[0530/210659.380:ERROR:process_memory_win.cc(73)] ReadMemory at 0x7ffaa3840000 of 64 bytes failed: Somente uma parte de um pedido ReadProcessMemory ou WriteProcessMemory foi concluída. (0x12B)
[0530/210659.380:WARNING:pe_image_reader.cc(340)] could not read dos header from C:\WINDOWS\SYSTEM32\bcrypt.dll
[0530/210659.380:ERROR:process_memory_win.cc(73)] ReadMemory at 0x7ffa98e70000 of 64 bytes failed: Somente uma parte de um pedido ReadProcessMemory ou WriteProcessMemory foi concluída. (0x12B)
[0530/210659.380:WARNING:pe_image_reader.cc(340)] could not read dos header from C:\WINDOWS\SYSTEM32\iertutil.dll
[0530/210659.380:ERROR:process_memory_win.cc(73)] ReadMemory at 0x7ffaa3c10000 of 64 bytes failed: Somente uma parte de um pedido ReadProcessMemory ou WriteProcessMemory foi concluída. (0x12B)
[0530/210659.380:WARNING:pe_image_reader.cc(340)] could not read dos header from C:\WINDOWS\SYSTEM32\SSPICLI.DLL
[0530/210659.408:ERROR:process_memory_win.cc(73)] ReadMemory at 0x9dff9f5000 of 45056 bytes failed: Somente uma parte de um pedido ReadProcessMemory ou WriteProcessMemory foi concluída. (0x12B)
[0530/210659.408:ERROR:process_memory_win.cc(73)] ReadMemory at 0x9dffbfd000 of 12288 bytes failed: Somente uma parte de um pedido ReadProcessMemory ou WriteProcessMemory foi concluída. (0x12B)
[0530/210659.408:ERROR:process_memory_win.cc(73)] ReadMemory at 0x9dffdf9000 of 28672 bytes failed: Somente uma parte de um pedido ReadProcessMemory ou WriteProcessMemory foi concluída. (0x12B)
[0530/210659.716:ERROR:process_memory_win.cc(73)] ReadMemory at 0x9dffffd000 of 12288 bytes failed: Somente uma parte de um pedido ReadProcessMemory ou WriteProcessMemory foi concluída. (0x12B)
[0530/210659.716:ERROR:process_memory_win.cc(73)] ReadMemory at 0x9d801fc000 of 16384 bytes failed: Somente uma parte de um pedido ReadProcessMemory ou WriteProcessMemory foi concluída. (0x12B)
[0530/210659.716:ERROR:process_memory_win.cc(73)] ReadMemory at 0x9d803fe000 of 8192 bytes failed: Somente uma parte de um pedido ReadProcessMemory ou WriteProcessMemory foi concluída. (0x12B)
[0530/210659.716:ERROR:process_memory_win.cc(73)] ReadMemory at 0x9d805fc000 of 16384 bytes failed: Somente uma parte de um pedido ReadProcessMemory ou WriteProcessMemory foi concluída. (0x12B)
[0530/210659.716:ERROR:process_memory_win.cc(73)] ReadMemory at 0x9d807fb000 of 20480 bytes failed: Somente uma parte de um pedido ReadProcessMemory ou WriteProcessMemory foi concluída. (0x12B)
[0530/210659.716:ERROR:process_memory_win.cc(73)] ReadMemory at 0x9d80bfc000 of 16384 bytes failed: Somente uma parte de um pedido ReadProcessMemory ou WriteProcessMemory foi concluída. (0x12B)
[0530/210659.716:ERROR:process_memory_win.cc(73)] ReadMemory at 0x9d80dfc000 of 16384 bytes failed: Somente uma parte de um pedido ReadProcessMemory ou WriteProcessMemory foi concluída. (0x12B)
[0530/210659.716:ERROR:process_memory_win.cc(73)] ReadMemory at 0x9d80ffd000 of 12288 bytes failed: Somente uma parte de um pedido ReadProcessMemory ou WriteProcessMemory foi concluída. (0x12B)
[0530/210659.716:ERROR:process_memory_win.cc(73)] ReadMemory at 0x9d809fd000 of 12288 bytes failed: Somente uma parte de um pedido ReadProcessMemory ou WriteProcessMemory foi concluída. (0x12B)
[0530/210659.716:ERROR:process_memory_win.cc(73)] ReadMemory at 0x9d811fe000 of 8192 bytes failed: Somente uma parte de um pedido ReadProcessMemory ou WriteProcessMemory foi concluída. (0x12B)
[0530/210659.716:ERROR:process_memory_win.cc(73)] ReadMemory at 0x9dff6da000 of 852 bytes failed: Somente uma parte de um pedido ReadProcessMemory ou WriteProcessMemory foi concluída. (0x12B)
[0530/210659.716:ERROR:process_memory_win.cc(73)] ReadMemory at 0x9dff6db000 of 6024 bytes failed: Somente uma parte de um pedido ReadProcessMemory ou WriteProcessMemory foi concluída. (0x12B)
[0530/210659.720:ERROR:process_memory_win.cc(73)] ReadMemory at 0x9dff6dd000 of 6024 bytes failed: Somente uma parte de um pedido ReadProcessMemory ou WriteProcessMemory foi concluída. (0x12B)
[0530/210659.720:ERROR:process_memory_win.cc(73)] ReadMemory at 0x9dff6df000 of 6024 bytes failed: Somente uma parte de um pedido ReadProcessMemory ou WriteProcessMemory foi concluída. (0x12B)
[0530/210659.720:ERROR:process_memory_win.cc(73)] ReadMemory at 0x9dff6e1000 of 6024 bytes failed: Somente uma parte de um pedido ReadProcessMemory ou WriteProcessMemory foi concluída. (0x12B)
[0530/210659.720:ERROR:process_memory_win.cc(73)] ReadMemory at 0x9dff6e3000 of 6024 bytes failed: Somente uma parte de um pedido ReadProcessMemory ou WriteProcessMemory foi concluída. (0x12B)
[0530/210659.720:ERROR:process_memory_win.cc(73)] ReadMemory at 0x9dff6e5000 of 6024 bytes failed: Somente uma parte de um pedido ReadProcessMemory ou WriteProcessMemory foi concluída. (0x12B)
[0530/210659.720:ERROR:process_memory_win.cc(73)] ReadMemory at 0x9dff6e7000 of 6024 bytes failed: Somente uma parte de um pedido ReadProcessMemory ou WriteProcessMemory foi concluída. (0x12B)
[0530/210659.720:ERROR:process_memory_win.cc(73)] ReadMemory at 0x9dff6e9000 of 6024 bytes failed: Somente uma parte de um pedido ReadProcessMemory ou WriteProcessMemory foi concluída. (0x12B)
[0530/210659.720:ERROR:process_memory_win.cc(73)] ReadMemory at 0x9dff6ed000 of 6024 bytes failed: Somente uma parte de um pedido ReadProcessMemory ou WriteProcessMemory foi concluída. (0x12B)
[0530/210659.720:ERROR:process_memory_win.cc(73)] ReadMemory at 0x9dff6ef000 of 6024 bytes failed: Somente uma parte de um pedido ReadProcessMemory ou WriteProcessMemory foi concluída. (0x12B)
[0530/210659.720:ERROR:process_memory_win.cc(73)] ReadMemory at 0x9dff6f1000 of 6024 bytes failed: Somente uma parte de um pedido ReadProcessMemory ou WriteProcessMemory foi concluída. (0x12B)
[0530/210659.720:ERROR:process_memory_win.cc(73)] ReadMemory at 0x9dff6f3000 of 6024 bytes failed: Somente uma parte de um pedido ReadProcessMemory ou WriteProcessMemory foi concluída. (0x12B)
[0530/210659.720:ERROR:process_memory_win.cc(73)] ReadMemory at 0x9dff6f5000 of 6024 bytes failed: Somente uma parte de um pedido ReadProcessMemory ou WriteProcessMemory foi concluída. (0x12B)
[0530/210659.720:ERROR:process_memory_win.cc(73)] ReadMemory at 0x1a6802f30f0 of 512 bytes failed: Somente uma parte de um pedido ReadProcessMemory ou WriteProcessMemory foi concluída. (0x12B)
[0530/210659.720:ERROR:process_memory_win.cc(73)] ReadMemory at 0x1a680328a50 of 512 bytes failed: Somente uma parte de um pedido ReadProcessMemory ou WriteProcessMemory foi concluída. (0x12B)
[0530/210659.720:ERROR:process_memory_win.cc(73)] ReadMemory at 0x1a68032de40 of 512 bytes failed: Somente uma parte de um pedido ReadProcessMemory ou WriteProcessMemory foi concluída. (0x12B)
[0530/210659.720:ERROR:process_memory_win.cc(73)] ReadMemory at 0x1a680347100 of 696 bytes failed: Somente uma parte de um pedido ReadProcessMemory ou WriteProcessMemory foi concluída. (0x12B)
[0530/210659.720:ERROR:process_memory_win.cc(73)] ReadMemory at 0x1a68034a700 of 512 bytes failed: Somente uma parte de um pedido ReadProcessMemory ou WriteProcessMemory foi concluída. (0x12B)
[0530/210659.720:ERROR:process_memory_win.cc(73)] ReadMemory at 0x1a6804a3730 of 512 bytes failed: Somente uma parte de um pedido ReadProcessMemory ou WriteProcessMemory foi concluída. (0x12B)
[0530/210659.720:ERROR:process_memory_win.cc(73)] ReadMemory at 0x1a6823fb800 of 512 bytes failed: Somente uma parte de um pedido ReadProcessMemory ou WriteProcessMemory foi concluída. (0x12B)
[0530/210659.720:ERROR:process_memory_win.cc(73)] ReadMemory at 0x1a6823fd1d0 of 512 bytes failed: Somente uma parte de um pedido ReadProcessMemory ou WriteProcessMemory foi concluída. (0x12B)
[0530/210659.720:ERROR:process_memory_win.cc(73)] ReadMemory at 0x1a682522220 of 512 bytes failed: Somente uma parte de um pedido ReadProcessMemory ou WriteProcessMemory foi concluída. (0x12B)
[0530/210659.720:ERROR:process_memory_win.cc(73)] ReadMemory at 0x1a682523c50 of 512 bytes failed: Somente uma parte de um pedido ReadProcessMemory ou WriteProcessMemory foi concluída. (0x12B)
[0530/210659.720:ERROR:process_memory_win.cc(73)] ReadMemory at 0x1a6825b1da8 of 512 bytes failed: Somente uma parte de um pedido ReadProcessMemory ou WriteProcessMemory foi concluída. (0x12B)
[0530/210659.720:ERROR:process_memory_win.cc(73)] ReadMemory at 0x1a68291b570 of 512 bytes failed: Somente uma parte de um pedido ReadProcessMemory ou WriteProcessMemory foi concluída. (0x12B)
[0530/210659.720:ERROR:process_memory_win.cc(73)] ReadMemory at 0x1a682935f00 of 512 bytes failed: Somente uma parte de um pedido ReadProcessMemory ou WriteProcessMemory foi concluída. (0x12B)
[0530/210659.720:ERROR:process_memory_win.cc(73)] ReadMemory at 0x1a6829bc3b0 of 512 bytes failed: Somente uma parte de um pedido ReadProcessMemory ou WriteProcessMemory foi concluída. (0x12B)
[0530/210659.720:ERROR:process_memory_win.cc(73)] ReadMemory at 0x1a682a48cd0 of 512 bytes failed: Somente uma parte de um pedido ReadProcessMemory ou WriteProcessMemory foi concluída. (0x12B)
[0530/210659.720:ERROR:process_memory_win.cc(73)] ReadMemory at 0x1a684425e3c of 512 bytes failed: Somente uma parte de um pedido ReadProcessMemory ou WriteProcessMemory foi concluída. (0x12B)
[0530/210659.724:ERROR:process_memory_win.cc(73)] ReadMemory at 0x1a698510fc0 of 3502 bytes failed: Somente uma parte de um pedido ReadProcessMemory ou WriteProcessMemory foi concluída. (0x12B)
[0530/210659.724:ERROR:process_memory_win.cc(73)] ReadMemory at 0x1a698511d80 of 1012 bytes failed: Somente uma parte de um pedido ReadProcessMemory ou WriteProcessMemory foi concluída. (0x12B)
[0530/210659.724:ERROR:process_memory_win.cc(73)] ReadMemory at 0x1a698512398 of 118 bytes failed: Somente uma parte de um pedido ReadProcessMemory ou WriteProcessMemory foi concluída. (0x12B)
[0530/210659.724:ERROR:process_memory_win.cc(73)] ReadMemory at 0x1a698512410 of 952 bytes failed: Somente uma parte de um pedido ReadProcessMemory ou WriteProcessMemory foi concluída. (0x12B)
[0530/210659.724:ERROR:process_memory_win.cc(73)] ReadMemory at 0x1a6985127ca of 118 bytes failed: Somente uma parte de um pedido ReadProcessMemory ou WriteProcessMemory foi concluída. (0x12B)
[0530/210659.724:ERROR:process_memory_win.cc(73)] ReadMemory at 0x1a698512842 of 96 bytes failed: Somente uma parte de um pedido ReadProcessMemory ou WriteProcessMemory foi concluída. (0x12B)
[0530/210659.724:ERROR:process_memory_win.cc(73)] ReadMemory at 0x1a6985128b0 of 58 bytes failed: Somente uma parte de um pedido ReadProcessMemory ou WriteProcessMemory foi concluída. (0x12B)
[0530/210659.724:ERROR:process_memory_win.cc(73)] ReadMemory at 0x1a6985129b0 of 132 bytes failed: Somente uma parte de um pedido ReadProcessMemory ou WriteProcessMemory foi concluída. (0x12B)
[0530/210659.724:ERROR:process_memory_win.cc(73)] ReadMemory at 0x1a698512b40 of 132 bytes failed: Somente uma parte de um pedido ReadProcessMemory ou WriteProcessMemory foi concluída. (0x12B)
[0530/210659.724:ERROR:process_memory_win.cc(73)] ReadMemory at 0x1a698512d00 of 126 bytes failed: Somente uma parte de um pedido ReadProcessMemory ou WriteProcessMemory foi concluída. (0x12B)
[0530/210659.724:ERROR:process_memory_win.cc(73)] ReadMemory at 0x1a6985130f0 of 132 bytes failed: Somente uma parte de um pedido ReadProcessMemory ou WriteProcessMemory foi concluída. (0x12B)
[0530/210659.724:ERROR:process_memory_win.cc(73)] ReadMemory at 0x1a698513280 of 64 bytes failed: Somente uma parte de um pedido ReadProcessMemory ou WriteProcessMemory foi concluída. (0x12B)
[0530/210659.724:ERROR:process_memory_win.cc(73)] ReadMemory at 0x1a6985133e0 of 132 bytes failed: Somente uma parte de um pedido ReadProcessMemory ou WriteProcessMemory foi concluída. (0x12B)
[0530/210659.724:ERROR:process_memory_win.cc(73)] ReadMemory at 0x1a6985135e0 of 62 bytes failed: Somente uma parte de um pedido ReadProcessMemory ou WriteProcessMemory foi concluída. (0x12B)
[0530/210659.724:ERROR:process_memory_win.cc(73)] ReadMemory at 0x1a6985136d0 of 132 bytes failed: Somente uma parte de um pedido ReadProcessMemory ou WriteProcessMemory foi concluída. (0x12B)
[0530/210659.724:ERROR:process_memory_win.cc(73)] ReadMemory at 0x1a698513860 of 68 bytes failed: Somente uma parte de um pedido ReadProcessMemory ou WriteProcessMemory foi concluída. (0x12B)
[0530/210659.724:ERROR:process_memory_win.cc(73)] ReadMemory at 0x1a698519ca0 of 132 bytes failed: Somente uma parte de um pedido ReadProcessMemory ou WriteProcessMemory foi concluída. (0x12B)
[0530/210659.724:ERROR:process_memory_win.cc(73)] ReadMemory at 0x1a698519ee0 of 132 bytes failed: Somente uma parte de um pedido ReadProcessMemory ou WriteProcessMemory foi concluída. (0x12B)
[0530/210659.724:ERROR:process_memory_win.cc(73)] ReadMemory at 0x1a69851a070 of 62 bytes failed: Somente uma parte de um pedido ReadProcessMemory ou WriteProcessMemory foi concluída. (0x12B)
[0530/210659.724:ERROR:process_memory_win.cc(73)] ReadMemory at 0x1a69851b7f0 of 132 bytes failed: Somente uma parte de um pedido ReadProcessMemory ou WriteProcessMemory foi concluída. (0x12B)
[0530/210659.724:ERROR:process_memory_win.cc(73)] ReadMemory at 0x1a69851b980 of 60 bytes failed: Somente uma parte de um pedido ReadProcessMemory ou WriteProcessMemory foi concluída. (0x12B)
[0530/210659.724:ERROR:process_memory_win.cc(73)] ReadMemory at 0x1a69851b9d0 of 158 bytes failed: Somente uma parte de um pedido ReadProcessMemory ou WriteProcessMemory foi concluída. (0x12B)
[0530/210659.724:ERROR:process_memory_win.cc(73)] ReadMemory at 0x1a69851bbd0 of 132 bytes failed: Somente uma parte de um pedido ReadProcessMemory ou WriteProcessMemory foi concluída. (0x12B)
[0530/210659.724:ERROR:process_memory_win.cc(73)] ReadMemory at 0x1a69851bd60 of 64 bytes failed: Somente uma parte de um pedido ReadProcessMemory ou WriteProcessMemory foi concluída. (0x12B)
[0530/210659.724:ERROR:process_memory_win.cc(73)] ReadMemory at 0x1a69851bfe0 of 132 bytes failed: Somente uma parte de um pedido ReadProcessMemory ou WriteProcessMemory foi concluída. (0x12B)
[0530/210659.724:ERROR:process_memory_win.cc(73)] ReadMemory at 0x1a69851c170 of 64 bytes failed: Somente uma parte de um pedido ReadProcessMemory ou WriteProcessMemory foi concluída. (0x12B)
[0530/210659.724:ERROR:process_memory_win.cc(73)] ReadMemory at 0x1a69851c3d0 of 132 bytes failed: Somente uma parte de um pedido ReadProcessMemory ou WriteProcessMemory foi concluída. (0x12B)
[0530/210659.724:ERROR:process_memory_win.cc(73)] ReadMemory at 0x1a69851c560 of 60 bytes failed: Somente uma parte de um pedido ReadProcessMemory ou WriteProcessMemory foi concluída. (0x12B)
[0530/210659.724:ERROR:process_memory_win.cc(73)] ReadMemory at 0x1a69851c880 of 132 bytes failed: Somente uma parte de um pedido ReadProcessMemory ou WriteProcessMemory foi concluída. (0x12B)
[0530/210659.724:ERROR:process_memory_win.cc(73)] ReadMemory at 0x1a69851ca10 of 60 bytes failed: Somente uma parte de um pedido ReadProcessMemory ou WriteProcessMemory foi concluída. (0x12B)
[0530/210659.724:ERROR:process_memory_win.cc(73)] ReadMemory at 0x1a69851cc50 of 132 bytes failed: Somente uma parte de um pedido ReadProcessMemory ou WriteProcessMemory foi concluída. (0x12B)
[0530/210659.724:ERROR:process_memory_win.cc(73)] ReadMemory at 0x1a69851cde0 of 62 bytes failed: Somente uma parte de um pedido ReadProcessMemory ou WriteProcessMemory foi concluída. (0x12B)
[0530/210659.728:ERROR:process_memory_win.cc(73)] ReadMemory at 0x1a69851d940 of 132 bytes failed: Somente uma parte de um pedido ReadProcessMemory ou WriteProcessMemory foi concluída. (0x12B)
[0530/210659.728:ERROR:process_memory_win.cc(73)] ReadMemory at 0x1a69851dca0 of 76 bytes failed: Somente uma parte de um pedido ReadProcessMemory ou WriteProcessMemory foi concluída. (0x12B)
[0530/210659.728:ERROR:process_memory_win.cc(73)] ReadMemory at 0x1a69851dee0 of 78 bytes failed: Somente uma parte de um pedido ReadProcessMemory ou WriteProcessMemory foi concluída. (0x12B)
[0530/210659.728:ERROR:process_memory_win.cc(73)] ReadMemory at 0x1a69851e0c0 of 80 bytes failed: Somente uma parte de um pedido ReadProcessMemory ou WriteProcessMemory foi concluída. (0x12B)
[0530/210659.728:ERROR:process_memory_win.cc(73)] ReadMemory at 0x1a69851e470 of 132 bytes failed: Somente uma parte de um pedido ReadProcessMemory ou WriteProcessMemory foi concluída. (0x12B)
[0530/210659.728:ERROR:process_memory_win.cc(73)] ReadMemory at 0x1a69851e950 of 132 bytes failed: Somente uma parte de um pedido ReadProcessMemory ou WriteProcessMemory foi concluída. (0x12B)
[0530/210659.728:ERROR:process_memory_win.cc(73)] ReadMemory at 0x1a69851ead0 of 64 bytes failed: Somente uma parte de um pedido ReadProcessMemory ou WriteProcessMemory foi concluída. (0x12B)
[0530/210659.728:ERROR:process_memory_win.cc(73)] ReadMemory at 0x1a69851eb20 of 60 bytes failed: Somente uma parte de um pedido ReadProcessMemory ou WriteProcessMemory foi concluída. (0x12B)
[0530/210659.728:ERROR:process_memory_win.cc(73)] ReadMemory at 0x1a69851ec10 of 60 bytes failed: Somente uma parte de um pedido ReadProcessMemory ou WriteProcessMemory foi concluída. (0x12B)
[0530/210659.728:ERROR:process_memory_win.cc(73)] ReadMemory at 0x1a69851ec60 of 66 bytes failed: Somente uma parte de um pedido ReadProcessMemory ou WriteProcessMemory foi concluída. (0x12B)
[0530/210659.728:ERROR:process_memory_win.cc(73)] ReadMemory at 0x1a69851ed00 of 60 bytes failed: Somente uma parte de um pedido ReadProcessMemory ou WriteProcessMemory foi concluída. (0x12B)
[0530/210659.728:ERROR:process_memory_win.cc(73)] ReadMemory at 0x1a69851ee40 of 62 bytes failed: Somente uma parte de um pedido ReadProcessMemory ou WriteProcessMemory foi concluída. (0x12B)
[0530/210659.728:ERROR:process_memory_win.cc(73)] ReadMemory at 0x1a69851ee90 of 62 bytes failed: Somente uma parte de um pedido ReadProcessMemory ou WriteProcessMemory foi concluída. (0x12B)
[0530/210659.728:ERROR:process_memory_win.cc(73)] ReadMemory at 0x1a69851eee0 of 58 bytes failed: Somente uma parte de um pedido ReadProcessMemory ou WriteProcessMemory foi concluída. (0x12B)
[0530/210659.728:ERROR:process_memory_win.cc(73)] ReadMemory at 0x1a69851ef30 of 62 bytes failed: Somente uma parte de um pedido ReadProcessMemory ou WriteProcessMemory foi concluída. (0x12B)
[0530/210659.728:ERROR:process_memory_win.cc(73)] ReadMemory at 0x1a69851f020 of 66 bytes failed: Somente uma parte de um pedido ReadProcessMemory ou WriteProcessMemory foi concluída. (0x12B)
[0530/210659.728:ERROR:process_memory_win.cc(73)] ReadMemory at 0x1a69851f110 of 62 bytes failed: Somente uma parte de um pedido ReadProcessMemory ou WriteProcessMemory foi concluída. (0x12B)
[0530/210659.728:ERROR:process_memory_win.cc(73)] ReadMemory at 0x1a69851f160 of 64 bytes failed: Somente uma parte de um pedido ReadProcessMemory ou WriteProcessMemory foi concluída. (0x12B)
[0530/210659.728:ERROR:process_memory_win.cc(73)] ReadMemory at 0x1a69851f1b0 of 58 bytes failed: Somente uma parte de um pedido ReadProcessMemory ou WriteProcessMemory foi concluída. (0x12B)
[0530/210659.728:ERROR:process_memory_win.cc(73)] ReadMemory at 0x1a69851f200 of 62 bytes failed: Somente uma parte de um pedido ReadProcessMemory ou WriteProcessMemory foi concluída. (0x12B)
[0530/210659.728:ERROR:process_memory_win.cc(73)] ReadMemory at 0x1a6985203b0 of 132 bytes failed: Somente uma parte de um pedido ReadProcessMemory ou WriteProcessMemory foi concluída. (0x12B)
[0530/210659.728:ERROR:process_memory_win.cc(73)] ReadMemory at 0x1a698520600 of 132 bytes failed: Somente uma parte de um pedido ReadProcessMemory ou WriteProcessMemory foi concluída. (0x12B)
[0530/210659.728:ERROR:process_memory_win.cc(73)] ReadMemory at 0x1a698520730 of 132 bytes failed: Somente uma parte de um pedido ReadProcessMemory ou WriteProcessMemory foi concluída. (0x12B)
[0530/210659.728:ERROR:process_memory_win.cc(73)] ReadMemory at 0x1a698520860 of 132 bytes failed: Somente uma parte de um pedido ReadProcessMemory ou WriteProcessMemory foi concluída. (0x12B)
[0530/210659.728:ERROR:process_memory_win.cc(73)] ReadMemory at 0x1a698520990 of 132 bytes failed: Somente uma parte de um pedido ReadProcessMemory ou WriteProcessMemory foi concluída. (0x12B)
[0530/210659.728:ERROR:process_memory_win.cc(73)] ReadMemory at 0x1a698520ac0 of 132 bytes failed: Somente uma parte de um pedido ReadProcessMemory ou WriteProcessMemory foi concluída. (0x12B)
[0530/210659.728:ERROR:process_memory_win.cc(73)] ReadMemory at 0x1a698520bf0 of 132 bytes failed: Somente uma parte de um pedido ReadProcessMemory ou WriteProcessMemory foi concluída. (0x12B)
[0530/210659.728:ERROR:process_memory_win.cc(73)] ReadMemory at 0x1a698520d20 of 132 bytes failed: Somente uma parte de um pedido ReadProcessMemory ou WriteProcessMemory foi concluída. (0x12B)
[0530/210659.728:ERROR:process_memory_win.cc(73)] ReadMemory at 0x1a698520e50 of 132 bytes failed: Somente uma parte de um pedido ReadProcessMemory ou WriteProcessMemory foi concluída. (0x12B)
[0530/210659.728:ERROR:process_memory_win.cc(73)] ReadMemory at 0x1a698520f80 of 132 bytes failed: Somente uma parte de um pedido ReadProcessMemory ou WriteProcessMemory foi concluída. (0x12B)
[0530/210659.728:ERROR:process_memory_win.cc(73)] ReadMemory at 0x1a6985210b0 of 132 bytes failed: Somente uma parte de um pedido ReadProcessMemory ou WriteProcessMemory foi concluída. (0x12B)
[0530/210659.728:ERROR:process_memory_win.cc(73)] ReadMemory at 0x1a6985211e0 of 132 bytes failed: Somente uma parte de um pedido ReadProcessMemory ou WriteProcessMemory foi concluída. (0x12B)
[0530/210659.728:ERROR:process_memory_win.cc(73)] ReadMemory at 0x1a698521310 of 132 bytes failed: Somente uma parte de um pedido ReadProcessMemory ou WriteProcessMemory foi concluída. (0x12B)
[0530/210659.732:ERROR:process_memory_win.cc(73)] ReadMemory at 0x1a698521440 of 132 bytes failed: Somente uma parte de um pedido ReadProcessMemory ou WriteProcessMemory foi concluída. (0x12B)
[0530/210659.732:ERROR:process_memory_win.cc(73)] ReadMemory at 0x1a698522f20 of 154 bytes failed: Somente uma parte de um pedido ReadProcessMemory ou WriteProcessMemory foi concluída. (0x12B)
[0530/210659.732:ERROR:process_memory_win.cc(73)] ReadMemory at 0x1a698524960 of 132 bytes failed: Somente uma parte de um pedido ReadProcessMemory ou WriteProcessMemory foi concluída. (0x12B)
[0530/210659.732:ERROR:process_memory_win.cc(73)] ReadMemory at 0x1a698524a90 of 132 bytes failed: Somente uma parte de um pedido ReadProcessMemory ou WriteProcessMemory foi concluída. (0x12B)
[0530/210659.732:ERROR:process_memory_win.cc(73)] ReadMemory at 0x1a698524bc0 of 132 bytes failed: Somente uma parte de um pedido ReadProcessMemory ou WriteProcessMemory foi concluída. (0x12B)
[0530/210659.732:ERROR:process_memory_win.cc(73)] ReadMemory at 0x1a698524cf0 of 132 bytes failed: Somente uma parte de um pedido ReadProcessMemory ou WriteProcessMemory foi concluída. (0x12B)
[0530/210659.732:ERROR:process_memory_win.cc(73)] ReadMemory at 0x1a698524e20 of 132 bytes failed: Somente uma parte de um pedido ReadProcessMemory ou WriteProcessMemory foi concluída. (0x12B)
[0530/210659.732:ERROR:process_memory_win.cc(73)] ReadMemory at 0x1a698524f50 of 132 bytes failed: Somente uma parte de um pedido ReadProcessMemory ou WriteProcessMemory foi concluída. (0x12B)
[0530/210659.732:ERROR:process_memory_win.cc(73)] ReadMemory at 0x1a698525080 of 132 bytes failed: Somente uma parte de um pedido ReadProcessMemory ou WriteProcessMemory foi concluída. (0x12B)
[0530/210659.732:ERROR:process_memory_win.cc(73)] ReadMemory at 0x1a6985251b0 of 132 bytes failed: Somente uma parte de um pedido ReadProcessMemory ou WriteProcessMemory foi concluída. (0x12B)
[0530/210659.732:ERROR:process_memory_win.cc(73)] ReadMemory at 0x1a6985252e0 of 132 bytes failed: Somente uma parte de um pedido ReadProcessMemory ou WriteProcessMemory foi concluída. (0x12B)
[0530/210659.732:ERROR:process_memory_win.cc(73)] ReadMemory at 0x1a698525410 of 132 bytes failed: Somente uma parte de um pedido ReadProcessMemory ou WriteProcessMemory foi concluída. (0x12B)
[0530/210659.732:ERROR:process_memory_win.cc(73)] ReadMemory at 0x1a698525540 of 132 bytes failed: Somente uma parte de um pedido ReadProcessMemory ou WriteProcessMemory foi concluída. (0x12B)
[0530/210659.732:ERROR:process_memory_win.cc(73)] ReadMemory at 0x1a698525670 of 132 bytes failed: Somente uma parte de um pedido ReadProcessMemory ou WriteProcessMemory foi concluída. (0x12B)
[0530/210659.732:ERROR:process_memory_win.cc(73)] ReadMemory at 0x1a6985257a0 of 132 bytes failed: Somente uma parte de um pedido ReadProcessMemory ou WriteProcessMemory foi concluída. (0x12B)
[0530/210659.732:ERROR:process_memory_win.cc(73)] ReadMemory at 0x1a6985258d0 of 132 bytes failed: Somente uma parte de um pedido ReadProcessMemory ou WriteProcessMemory foi concluída. (0x12B)
[0530/210659.732:ERROR:process_memory_win.cc(73)] ReadMemory at 0x1a698525a00 of 132 bytes failed: Somente uma parte de um pedido ReadProcessMemory ou WriteProcessMemory foi concluída. (0x12B)
[0530/210659.732:ERROR:process_memory_win.cc(73)] ReadMemory at 0x1a698525b30 of 132 bytes failed: Somente uma parte de um pedido ReadProcessMemory ou WriteProcessMemory foi concluída. (0x12B)
[0530/210659.732:ERROR:process_memory_win.cc(73)] ReadMemory at 0x1a698525c60 of 132 bytes failed: Somente uma parte de um pedido ReadProcessMemory ou WriteProcessMemory foi concluída. (0x12B)
[0530/210659.732:ERROR:process_memory_win.cc(73)] ReadMemory at 0x1a698525d90 of 132 bytes failed: Somente uma parte de um pedido ReadProcessMemory ou WriteProcessMemory foi concluída. (0x12B)
[0530/210659.732:ERROR:process_memory_win.cc(73)] ReadMemory at 0x1a698525ec0 of 132 bytes failed: Somente uma parte de um pedido ReadProcessMemory ou WriteProcessMemory foi concluída. (0x12B)
[0530/210659.732:ERROR:process_memory_win.cc(73)] ReadMemory at 0x1a698525ff0 of 132 bytes failed: Somente uma parte de um pedido ReadProcessMemory ou WriteProcessMemory foi concluída. (0x12B)
[0530/210659.732:ERROR:process_memory_win.cc(73)] ReadMemory at 0x1a698526120 of 132 bytes failed: Somente uma parte de um pedido ReadProcessMemory ou WriteProcessMemory foi concluída. (0x12B)
[0530/210659.732:ERROR:process_memory_win.cc(73)] ReadMemory at 0x1a698526250 of 132 bytes failed: Somente uma parte de um pedido ReadProcessMemory ou WriteProcessMemory foi concluída. (0x12B)
[0530/210659.732:ERROR:process_memory_win.cc(73)] ReadMemory at 0x1a698526380 of 132 bytes failed: Somente uma parte de um pedido ReadProcessMemory ou WriteProcessMemory foi concluída. (0x12B)
[0530/210659.732:ERROR:process_memory_win.cc(73)] ReadMemory at 0x1a6985264b0 of 132 bytes failed: Somente uma parte de um pedido ReadProcessMemory ou WriteProcessMemory foi concluída. (0x12B)
[0530/210659.732:ERROR:process_memory_win.cc(73)] ReadMemory at 0x1a6985265e0 of 132 bytes failed: Somente uma parte de um pedido ReadProcessMemory ou WriteProcessMemory foi concluída. (0x12B)
[0530/210659.732:ERROR:process_memory_win.cc(73)] ReadMemory at 0x1a698527e00 of 80 bytes failed: Somente uma parte de um pedido ReadProcessMemory ou WriteProcessMemory foi concluída. (0x12B)
[0530/210659.732:ERROR:process_memory_win.cc(73)] ReadMemory at 0x1a6985282b0 of 58 bytes failed: Somente uma parte de um pedido ReadProcessMemory ou WriteProcessMemory foi concluída. (0x12B)
[0530/210659.732:ERROR:process_memory_win.cc(73)] ReadMemory at 0x1a698528300 of 66 bytes failed: Somente uma parte de um pedido ReadProcessMemory ou WriteProcessMemory foi concluída. (0x12B)
[0530/210659.732:ERROR:process_memory_win.cc(73)] ReadMemory at 0x1a6985284e0 of 58 bytes failed: Somente uma parte de um pedido ReadProcessMemory ou WriteProcessMemory foi concluída. (0x12B)
[0530/210659.732:ERROR:process_memory_win.cc(73)] ReadMemory at 0x1a698528620 of 60 bytes failed: Somente uma parte de um pedido ReadProcessMemory ou WriteProcessMemory foi concluída. (0x12B)
[0530/210659.736:ERROR:process_memory_win.cc(73)] ReadMemory at 0x1a698528800 of 64 bytes failed: Somente uma parte de um pedido ReadProcessMemory ou WriteProcessMemory foi concluída. (0x12B)
[0530/210659.736:ERROR:process_memory_win.cc(73)] ReadMemory at 0x1a698528850 of 64 bytes failed: Somente uma parte de um pedido ReadProcessMemory ou WriteProcessMemory foi concluída. (0x12B)
[0530/210659.736:ERROR:process_memory_win.cc(73)] ReadMemory at 0x1a6985288a0 of 60 bytes failed: Somente uma parte de um pedido ReadProcessMemory ou WriteProcessMemory foi concluída. (0x12B)
[0530/210659.736:ERROR:process_memory_win.cc(73)] ReadMemory at 0x1a698528a80 of 62 bytes failed: Somente uma parte de um pedido ReadProcessMemory ou WriteProcessMemory foi concluída. (0x12B)
[0530/210659.736:ERROR:process_memory_win.cc(73)] ReadMemory at 0x1a698528ad0 of 64 bytes failed: Somente uma parte de um pedido ReadProcessMemory ou WriteProcessMemory foi concluída. (0x12B)
[0530/210659.736:ERROR:process_memory_win.cc(73)] ReadMemory at 0x1a698528b20 of 64 bytes failed: Somente uma parte de um pedido ReadProcessMemory ou WriteProcessMemory foi concluída. (0x12B)
[0530/210659.736:ERROR:process_memory_win.cc(73)] ReadMemory at 0x1a698528d50 of 66 bytes failed: Somente uma parte de um pedido ReadProcessMemory ou WriteProcessMemory foi concluída. (0x12B)
[0530/210659.736:ERROR:process_memory_win.cc(73)] ReadMemory at 0x1a6985350f0 of 54 bytes failed: Somente uma parte de um pedido ReadProcessMemory ou WriteProcessMemory foi concluída. (0x12B)
[0530/210659.736:ERROR:process_memory_win.cc(73)] ReadMemory at 0x1a6985366d0 of 246 bytes failed: Somente uma parte de um pedido ReadProcessMemory ou WriteProcessMemory foi concluída. (0x12B)
[0530/210659.736:ERROR:process_memory_win.cc(73)] ReadMemory at 0x1a698536cc0 of 60 bytes failed: Somente uma parte de um pedido ReadProcessMemory ou WriteProcessMemory foi concluída. (0x12B)
[0530/210659.736:ERROR:process_memory_win.cc(73)] ReadMemory at 0x1a698536d10 of 62 bytes failed: Somente uma parte de um pedido ReadProcessMemory ou WriteProcessMemory foi concluída. (0x12B)
[0530/210659.736:ERROR:process_memory_win.cc(73)] ReadMemory at 0x1a698536d60 of 62 bytes failed: Somente uma parte de um pedido ReadProcessMemory ou WriteProcessMemory foi concluída. (0x12B)
[0530/210659.736:ERROR:process_memory_win.cc(73)] ReadMemory at 0x1a698536db0 of 62 bytes failed: Somente uma parte de um pedido ReadProcessMemory ou WriteProcessMemory foi concluída. (0x12B)
[0530/210659.736:ERROR:process_memory_win.cc(73)] ReadMemory at 0x1a698536e00 of 60 bytes failed: Somente uma parte de um pedido ReadProcessMemory ou WriteProcessMemory foi concluída. (0x12B)
[0530/210659.736:ERROR:process_memory_win.cc(73)] ReadMemory at 0x1a698536f90 of 64 bytes failed: Somente uma parte de um pedido ReadProcessMemory ou WriteProcessMemory foi concluída. (0x12B)
[0530/210659.736:ERROR:process_memory_win.cc(73)] ReadMemory at 0x1a698536fe0 of 58 bytes failed: Somente uma parte de um pedido ReadProcessMemory ou WriteProcessMemory foi concluída. (0x12B)
[0530/210659.736:ERROR:process_memory_win.cc(73)] ReadMemory at 0x1a698537170 of 62 bytes failed: Somente uma parte de um pedido ReadProcessMemory ou WriteProcessMemory foi concluída. (0x12B)
[0530/210659.736:ERROR:process_memory_win.cc(73)] ReadMemory at 0x1a698537260 of 60 bytes failed: Somente uma parte de um pedido ReadProcessMemory ou WriteProcessMemory foi concluída. (0x12B)
[0530/210659.736:ERROR:process_memory_win.cc(73)] ReadMemory at 0x1a698537620 of 62 bytes failed: Somente uma parte de um pedido ReadProcessMemory ou WriteProcessMemory foi concluída. (0x12B)
[0530/210659.736:ERROR:process_memory_win.cc(73)] ReadMemory at 0x1a698537710 of 64 bytes failed: Somente uma parte de um pedido ReadProcessMemory ou WriteProcessMemory foi concluída. (0x12B)
[0530/210659.736:ERROR:process_memory_win.cc(73)] ReadMemory at 0x1a6985378f0 of 60 bytes failed: Somente uma parte de um pedido ReadProcessMemory ou WriteProcessMemory foi concluída. (0x12B)
[0530/210659.736:ERROR:process_memory_win.cc(73)] ReadMemory at 0x1a698537a80 of 64 bytes failed: Somente uma parte de um pedido ReadProcessMemory ou WriteProcessMemory foi concluída. (0x12B)
[0530/210659.736:ERROR:process_memory_win.cc(73)] ReadMemory at 0x1a698537b20 of 64 bytes failed: Somente uma parte de um pedido ReadProcessMemory ou WriteProcessMemory foi concluída. (0x12B)
[0530/210659.736:ERROR:process_memory_win.cc(73)] ReadMemory at 0x1a698537b70 of 56 bytes failed: Somente uma parte de um pedido ReadProcessMemory ou WriteProcessMemory foi concluída. (0x12B)
[0530/210659.736:ERROR:process_memory_win.cc(73)] ReadMemory at 0x1a698537fc0 of 132 bytes failed: Somente uma parte de um pedido ReadProcessMemory ou WriteProcessMemory foi concluída. (0x12B)
[0530/210659.736:ERROR:process_memory_win.cc(73)] ReadMemory at 0x1a698538810 of 132 bytes failed: Somente uma parte de um pedido ReadProcessMemory ou WriteProcessMemory foi concluída. (0x12B)
[0530/210659.736:ERROR:process_memory_win.cc(73)] ReadMemory at 0x1a698538a70 of 132 bytes failed: Somente uma parte de um pedido ReadProcessMemory ou WriteProcessMemory foi concluída. (0x12B)
[0530/210659.736:ERROR:process_memory_win.cc(73)] ReadMemory at 0x1a698538e00 of 132 bytes failed: Somente uma parte de um pedido ReadProcessMemory ou WriteProcessMemory foi concluída. (0x12B)
[0530/210659.736:ERROR:process_memory_win.cc(73)] ReadMemory at 0x1a6985392c0 of 132 bytes failed: Somente uma parte de um pedido ReadProcessMemory ou WriteProcessMemory foi concluída. (0x12B)
[0530/210659.736:ERROR:process_memory_win.cc(73)] ReadMemory at 0x1a69854d540 of 512 bytes failed: Somente uma parte de um pedido ReadProcessMemory ou WriteProcessMemory foi concluída. (0x12B)
[0530/210659.736:ERROR:process_memory_win.cc(73)] ReadMemory at 0x1a69854e050 of 512 bytes failed: Somente uma parte de um pedido ReadProcessMemory ou WriteProcessMemory foi concluída. (0x12B)
[0530/210659.736:ERROR:process_memory_win.cc(73)] ReadMemory at 0x7ffa693c409c of 512 bytes failed: Somente uma parte de um pedido ReadProcessMemory ou WriteProcessMemory foi concluída. (0x12B)
[0530/210659.736:ERROR:process_memory_win.cc(73)] ReadMemory at 0x7ffa93f3e6ee of 512 bytes failed: Somente uma parte de um pedido ReadProcessMemory ou WriteProcessMemory foi concluída. (0x12B)
[0530/210659.736:ERROR:process_memory_win.cc(73)] ReadMemory at 0x7ffa93f3f888 of 512 bytes failed: Somente uma parte de um pedido ReadProcessMemory ou WriteProcessMemory foi concluída. (0x12B)
[0530/210659.740:ERROR:process_memory_win.cc(73)] ReadMemory at 0x7ffaa6df0e00 of 512 bytes failed: Somente uma parte de um pedido ReadProcessMemory ou WriteProcessMemory foi concluída. (0x12B)
[0530/210659.740:ERROR:process_memory_win.cc(73)] ReadMemory at 0x7ffaa79f79f0 of 512 bytes failed: Somente uma parte de um pedido ReadProcessMemory ou WriteProcessMemory foi concluída. (0x12B)
[0530/210659.740:ERROR:process_memory_win.cc(73)] ReadMemory at 0x7ffaa79f82e0 of 512 bytes failed: Somente uma parte de um pedido ReadProcessMemory ou WriteProcessMemory foi concluída. (0x12B)
[0530/210659.740:ERROR:process_memory_win.cc(73)] ReadMemory at 0x7ffaa79fa0d0 of 512 bytes failed: Somente uma parte de um pedido ReadProcessMemory ou WriteProcessMemory foi concluída. (0x12B)
[0530/210659.740:ERROR:process_memory_win.cc(73)] ReadMemory at 0x7ffaa7a6a9a4 of 672 bytes failed: Somente uma parte de um pedido ReadProcessMemory ou WriteProcessMemory foi concluída. (0x12B)
[0530/210659.740:ERROR:process_memory_win.cc(73)] ReadMemory at 0x7ffaa7a6b474 of 512 bytes failed: Somente uma parte de um pedido ReadProcessMemory ou WriteProcessMemory foi concluída. (0x12B)
[0530/210659.740:ERROR:process_memory_win.cc(73)] ReadMemory at 0x7ffaa7a6e214 of 608 bytes failed: Somente uma parte de um pedido ReadProcessMemory ou WriteProcessMemory foi concluída. (0x12B)
[0530/210659.740:ERROR:process_memory_win.cc(73)] ReadMemory at 0x7ffaa7af01e0 of 18 bytes failed: Somente uma parte de um pedido ReadProcessMemory ou WriteProcessMemory foi concluída. (0x12B)
[0530/210659.740:ERROR:process_memory_win.cc(73)] ReadMemory at 0x7ffaa7b265b0 of 40 bytes failed: Somente uma parte de um pedido ReadProcessMemory ou WriteProcessMemory foi concluída. (0x12B)
[0530/210659.740:ERROR:process_memory_win.cc(73)] ReadMemory at 0x7ffaa7b26a08 of 48 bytes failed: Somente uma parte de um pedido ReadProcessMemory ou WriteProcessMemory foi concluída. (0x12B)
[0530/210659.740:ERROR:process_memory_win.cc(73)] ReadMemory at 0x7ffaa7b2c360 of 64 bytes failed: Somente uma parte de um pedido ReadProcessMemory ou WriteProcessMemory foi concluída. (0x12B)
[0530/210659.744:ERROR:scoped_process_suspend.cc(40)] NtResumeProcess: Tentou-se acessar um processo de saída. (0xc000010a)
